This is LuaTeX, Version 1.07.0 (MiKTeX 2.9.6840 64-bit)  (format=lualatex 2018.10.4)  25 JAN 2019 11:28
 restricted system commands enabled.
**master.tex
(./master.tex
LaTeX2e <2018-04-01> patch level 5
Lua module: luaotfload-main 2018/09/24 2.90001 OpenType layout system.
Lua module: lualibs 2018-09-21 2.6 ConTeXt Lua standard libraries.
Lua module: lualibs-extended 2018-09-21 2.6 ConTeXt Lua libraries -- extended co
llection.
luaotfload | conf : Root cache directory is C:/Users/dorofeev/AppData/Local/MiKT
eX/2.9/luatex-cache/generic/names.
luaotfload | init : Loading fontloader “fontloader-2018-09-24.lua” from kpse
-resolved path “C:/Users/dorofeev/AppData/Local/Programs/MiKTeX 2.9/tex/luatex
/luaotfload/fontloader-2018-09-24.lua”.
Lua-only attribute luaotfload@state = 1
Lua-only attribute luaotfload@noligature = 2
Lua-only attribute luaotfload@syllabe = 3
luaotfload | init : Context OpenType loader version “3.104”
Inserting `luaotfload.node_processor' at position 1 in `pre_linebreak_filter'.
Inserting `luaotfload.node_processor' at position 1 in `hpack_filter'.
Inserting `luaotfload.define_font' at position 1 in `define_font'.
Lua-only attribute luaotfload_color_attribute = 4
luaotfload | conf : Root cache directory is C:/Users/dorofeev/AppData/Local/MiKT
eX/2.9/luatex-cache/generic/names.
Inserting `luaotfload.aux.set_sscale_dimens' at position 1 in `luaotfload.patch_
font'.
Inserting `luaotfload.aux.patch_cambria_domh' at position 2 in `luaotfload.patch
_font'.
Inserting `luaotfload.aux.fixup_fontdata' at position 1 in `luaotfload.patch_fon
t_unsafe'.
Inserting `luaotfload.aux.set_capheight' at position 3 in `luaotfload.patch_font
'.
Inserting `luaotfload.rewrite_fontname' at position 4 in `luaotfload.patch_font'
.
luaotfload | main : initialization completed in 0.954 seconds
("C:/Users/dorofeev/AppData/Local/Programs/MiKTeX 2.9/tex/latex/ieeetran/IEEEtr
an.cls"
Document Class: IEEEtran 2015/08/26 V1.8b by Michael Shell
-- See the "IEEEtran_HOWTO" manual for usage information.
-- http://www.michaelshell.org/tex/ieeetran/
\@IEEEtrantmpdimenA=\dimen102
\@IEEEtrantmpdimenB=\dimen103
\@IEEEtrantmpdimenC=\dimen104
\@IEEEtrantmpcountA=\count80
\@IEEEtrantmpcountB=\count81
\@IEEEtrantmpcountC=\count82
\@IEEEtrantmptoksA=\toks14
LaTeX Font Info:    Try loading font information for TU+ptm on input line 503.
LaTeX Font Info:    No file TUptm.fd. on input line 503.

LaTeX Font Warning: Font shape `TU/ptm/m/n' undefined
(Font)              using `TU/lmr/m/n' instead on input line 503.

luaotfload | db : Font names database loaded from C:/Users/dorofeev/AppData/Loca
l/MiKTeX/2.9/luatex-cache/generic/names/luaotfload-names.luc
-- Using 8.5in x 11in (letter) paper.
-- Using DVI output.
\@IEEEnormalsizeunitybaselineskip=\dimen105
-- This is a 10 point document.
\CLASSINFOnormalsizebaselineskip=\dimen106
\CLASSINFOnormalsizeunitybaselineskip=\dimen107
\IEEEnormaljot=\dimen108

LaTeX Font Warning: Font shape `TU/ptm/bx/n' undefined
(Font)              using `TU/ptm/m/n' instead on input line 1090.


LaTeX Font Warning: Font shape `TU/ptm/m/it' undefined
(Font)              using `TU/ptm/m/n' instead on input line 1090.


LaTeX Font Warning: Font shape `TU/ptm/bx/it' undefined
(Font)              using `TU/ptm/bx/n' instead on input line 1090.

\IEEEquantizedlength=\dimen109
\IEEEquantizedlengthdiff=\dimen110
\IEEEquantizedtextheightdiff=\dimen111
\IEEEilabelindentA=\dimen112
\IEEEilabelindentB=\dimen113
\IEEEilabelindent=\dimen114
\IEEEelabelindent=\dimen115
\IEEEdlabelindent=\dimen116
\IEEElabelindent=\dimen117
\IEEEiednormlabelsep=\dimen118
\IEEEiedmathlabelsep=\dimen119
\IEEEiedtopsep=\skip41
\c@section=\count83
\c@subsection=\count84
\c@subsubsection=\count85
\c@paragraph=\count86
\c@IEEEsubequation=\count87
\abovecaptionskip=\skip42
\belowcaptionskip=\skip43
\c@figure=\count88
\c@table=\count89
\@IEEEeqnnumcols=\count90
\@IEEEeqncolcnt=\count91
\@IEEEsubeqnnumrollback=\count92
\@IEEEquantizeheightA=\dimen120
\@IEEEquantizeheightB=\dimen121
\@IEEEquantizeheightC=\dimen122
\@IEEEquantizeprevdepth=\dimen123
\@IEEEquantizemultiple=\count93
\@IEEEquantizeboxA=\box26
\@IEEEtmpitemindent=\dimen124
\IEEEPARstartletwidth=\dimen125
\c@IEEEbiography=\count94
\@IEEEtranrubishbin=\box27
) ("C:/Users/dorofeev/AppData/Local/Programs/MiKTeX 2.9/tex/latex/cite/cite.sty
"
LaTeX Info: Redefining \cite on input line 302.
LaTeX Info: Redefining \nocite on input line 332.
Package: cite 2015/02/27  v 5.5
)
("C:/Users/dorofeev/AppData/Local/Programs/MiKTeX 2.9/tex/latex/amsmath/amsmath
.sty"
Package: amsmath 2017/09/02 v2.17a AMS math features
\@mathmargin=\skip44

For additional information on amsmath, use the `?' option.

("C:/Users/dorofeev/AppData/Local/Programs/MiKTeX 2.9/tex/latex/amsmath/amstext
.sty"
Package: amstext 2000/06/29 v2.01 AMS text

("C:/Users/dorofeev/AppData/Local/Programs/MiKTeX 2.9/tex/latex/amsmath/amsgen.
sty"
File: amsgen.sty 1999/11/30 v2.0 generic functions
\@emptytoks=\toks15
\ex@=\dimen126
))
("C:/Users/dorofeev/AppData/Local/Programs/MiKTeX 2.9/tex/latex/amsmath/amsbsy.
sty"
Package: amsbsy 1999/11/29 v1.2d Bold Symbols
\pmbraise@=\dimen127
)
("C:/Users/dorofeev/AppData/Local/Programs/MiKTeX 2.9/tex/latex/amsmath/amsopn.
sty"
Package: amsopn 2016/03/08 v2.02 operator names
)
\inf@bad=\count95
LaTeX Info: Redefining \frac on input line 213.
\uproot@=\count96
\leftroot@=\count97
LaTeX Info: Redefining \overline on input line 375.
\classnum@=\count98
\DOTSCASE@=\count99
LaTeX Info: Redefining \ldots on input line 472.
LaTeX Info: Redefining \dots on input line 475.
LaTeX Info: Redefining \cdots on input line 596.
\Mathstrutbox@=\box28
\strutbox@=\box29
\big@size=\dimen128
LaTeX Font Info:    Redeclaring font encoding OML on input line 712.
LaTeX Font Info:    Redeclaring font encoding OMS on input line 713.
\macc@depth=\count100
\c@MaxMatrixCols=\count101
\dotsspace@=\muskip10
\c@parentequation=\count102
\dspbrk@lvl=\count103
\tag@help=\toks16
\row@=\count104
\column@=\count105
\maxfields@=\count106
\andhelp@=\toks17
\eqnshift@=\dimen129
\alignsep@=\dimen130
\tagshift@=\dimen131
\tagwidth@=\dimen132
\totwidth@=\dimen133
\lineht@=\dimen134
\@envbody=\toks18
\multlinegap=\skip45
\multlinetaggap=\skip46
\mathdisplay@stack=\toks19
LaTeX Info: Redefining \[ on input line 2817.
LaTeX Info: Redefining \] on input line 2818.
)
("C:/Users/dorofeev/AppData/Local/Programs/MiKTeX 2.9/tex/latex/amsfonts/amssym
b.sty"
Package: amssymb 2013/01/14 v3.01 AMS font symbols

("C:/Users/dorofeev/AppData/Local/Programs/MiKTeX 2.9/tex/latex/amsfonts/amsfon
ts.sty"
Package: amsfonts 2013/01/14 v3.01 Basic AMSFonts support
\symAMSa=\mathgroup4
\symAMSb=\mathgroup5
LaTeX Font Info:    Overwriting math alphabet `\mathfrak' in version `bold'
(Font)                  U/euf/m/n --> U/euf/b/n on input line 106.
))
("C:/Users/dorofeev/AppData/Local/Programs/MiKTeX 2.9/tex/latex/algorithms/algo
rithmic.sty"
Package: algorithmic 2009/08/24 v0.1 Document Style `algorithmic'

("C:/Users/dorofeev/AppData/Local/Programs/MiKTeX 2.9/tex/latex/base/ifthen.sty
"
Package: ifthen 2014/09/29 v1.1c Standard LaTeX ifthen package (DPC)
)
("C:/Users/dorofeev/AppData/Local/Programs/MiKTeX 2.9/tex/latex/graphics/keyval
.sty"
Package: keyval 2014/10/28 v1.15 key=value parser (DPC)
\KV@toks@=\toks20
)
\c@ALC@unique=\count107
\c@ALC@line=\count108
\c@ALC@rem=\count109
\c@ALC@depth=\count110
\ALC@tlm=\skip47
\algorithmicindent=\skip48
)
("C:/Users/dorofeev/AppData/Local/Programs/MiKTeX 2.9/tex/latex/graphics/graphi
cx.sty"
Package: graphicx 2017/06/01 v1.1a Enhanced LaTeX Graphics (DPC,SPQR)

("C:/Users/dorofeev/AppData/Local/Programs/MiKTeX 2.9/tex/latex/graphics/graphi
cs.sty"
Package: graphics 2017/06/25 v1.2c Standard LaTeX Graphics (DPC,SPQR)

("C:/Users/dorofeev/AppData/Local/Programs/MiKTeX 2.9/tex/latex/graphics/trig.s
ty"
Package: trig 2016/01/03 v1.10 sin cos tan (DPC)
)
("C:/Users/dorofeev/AppData/Local/Programs/MiKTeX 2.9/tex/latex/graphics-cfg/gr
aphics.cfg"
File: graphics.cfg 2016/06/04 v1.11 sample graphics configuration
)
Package graphics Info: Driver file: luatex.def on input line 99.

("C:/Users/dorofeev/AppData/Local/Programs/MiKTeX 2.9/tex/latex/graphics-def/lu
atex.def"
File: luatex.def 2018/01/08 v1.0l Graphics/color driver for luatex
))
\Gin@req@height=\dimen135
\Gin@req@width=\dimen136
)
("C:/Users/dorofeev/AppData/Local/Programs/MiKTeX 2.9/tex/latex/base/textcomp.s
ty"
Package: textcomp 2017/04/05 v2.0i Standard LaTeX package
Package textcomp Info: Sub-encoding information:
(textcomp)               5 = only ISO-Adobe without \textcurrency
(textcomp)               4 = 5 + \texteuro
(textcomp)               3 = 4 + \textohm
(textcomp)               2 = 3 + \textestimated + \textcurrency
(textcomp)               1 = TS1 - \textcircled - \t
(textcomp)               0 = TS1 (full)
(textcomp)             Font families with sub-encoding setting implement
(textcomp)             only a restricted character set as indicated.
(textcomp)             Family '?' is the default used for unknown fonts.
(textcomp)             See the documentation for details.
Package textcomp Info: Setting ? sub-encoding to TS1/1 on input line 79.

("C:/Users/dorofeev/AppData/Local/Programs/MiKTeX 2.9/tex/latex/base/ts1enc.def
"
File: ts1enc.def 2001/06/05 v3.0e (jk/car/fm) Standard LaTeX file
)
LaTeX Info: Redefining \oldstylenums on input line 334.
Package textcomp Info: Setting cmr sub-encoding to TS1/0 on input line 349.
Package textcomp Info: Setting cmss sub-encoding to TS1/0 on input line 350.
Package textcomp Info: Setting cmtt sub-encoding to TS1/0 on input line 351.
Package textcomp Info: Setting cmvtt sub-encoding to TS1/0 on input line 352.
Package textcomp Info: Setting cmbr sub-encoding to TS1/0 on input line 353.
Package textcomp Info: Setting cmtl sub-encoding to TS1/0 on input line 354.
Package textcomp Info: Setting ccr sub-encoding to TS1/0 on input line 355.
Package textcomp Info: Setting ptm sub-encoding to TS1/4 on input line 356.
Package textcomp Info: Setting pcr sub-encoding to TS1/4 on input line 357.
Package textcomp Info: Setting phv sub-encoding to TS1/4 on input line 358.
Package textcomp Info: Setting ppl sub-encoding to TS1/3 on input line 359.
Package textcomp Info: Setting pag sub-encoding to TS1/4 on input line 360.
Package textcomp Info: Setting pbk sub-encoding to TS1/4 on input line 361.
Package textcomp Info: Setting pnc sub-encoding to TS1/4 on input line 362.
Package textcomp Info: Setting pzc sub-encoding to TS1/4 on input line 363.
Package textcomp Info: Setting bch sub-encoding to TS1/4 on input line 364.
Package textcomp Info: Setting put sub-encoding to TS1/5 on input line 365.
Package textcomp Info: Setting uag sub-encoding to TS1/5 on input line 366.
Package textcomp Info: Setting ugq sub-encoding to TS1/5 on input line 367.
Package textcomp Info: Setting ul8 sub-encoding to TS1/4 on input line 368.
Package textcomp Info: Setting ul9 sub-encoding to TS1/4 on input line 369.
Package textcomp Info: Setting augie sub-encoding to TS1/5 on input line 370.
Package textcomp Info: Setting dayrom sub-encoding to TS1/3 on input line 371.
Package textcomp Info: Setting dayroms sub-encoding to TS1/3 on input line 372.
Package textcomp Info: Setting pxr sub-encoding to TS1/0 on input line 373.
Package textcomp Info: Setting pxss sub-encoding to TS1/0 on input line 374.
Package textcomp Info: Setting pxtt sub-encoding to TS1/0 on input line 375.
Package textcomp Info: Setting txr sub-encoding to TS1/0 on input line 376.
Package textcomp Info: Setting txss sub-encoding to TS1/0 on input line 377.
Package textcomp Info: Setting txtt sub-encoding to TS1/0 on input line 378.
Package textcomp Info: Setting lmr sub-encoding to TS1/0 on input line 379.
Package textcomp Info: Setting lmdh sub-encoding to TS1/0 on input line 380.
Package textcomp Info: Setting lmss sub-encoding to TS1/0 on input line 381.
Package textcomp Info: Setting lmssq sub-encoding to TS1/0 on input line 382.
Package textcomp Info: Setting lmvtt sub-encoding to TS1/0 on input line 383.
Package textcomp Info: Setting lmtt sub-encoding to TS1/0 on input line 384.
Package textcomp Info: Setting qhv sub-encoding to TS1/0 on input line 385.
Package textcomp Info: Setting qag sub-encoding to TS1/0 on input line 386.
Package textcomp Info: Setting qbk sub-encoding to TS1/0 on input line 387.
Package textcomp Info: Setting qcr sub-encoding to TS1/0 on input line 388.
Package textcomp Info: Setting qcs sub-encoding to TS1/0 on input line 389.
Package textcomp Info: Setting qpl sub-encoding to TS1/0 on input line 390.
Package textcomp Info: Setting qtm sub-encoding to TS1/0 on input line 391.
Package textcomp Info: Setting qzc sub-encoding to TS1/0 on input line 392.
Package textcomp Info: Setting qhvc sub-encoding to TS1/0 on input line 393.
Package textcomp Info: Setting futs sub-encoding to TS1/4 on input line 394.
Package textcomp Info: Setting futx sub-encoding to TS1/4 on input line 395.
Package textcomp Info: Setting futj sub-encoding to TS1/4 on input line 396.
Package textcomp Info: Setting hlh sub-encoding to TS1/3 on input line 397.
Package textcomp Info: Setting hls sub-encoding to TS1/3 on input line 398.
Package textcomp Info: Setting hlst sub-encoding to TS1/3 on input line 399.
Package textcomp Info: Setting hlct sub-encoding to TS1/5 on input line 400.
Package textcomp Info: Setting hlx sub-encoding to TS1/5 on input line 401.
Package textcomp Info: Setting hlce sub-encoding to TS1/5 on input line 402.
Package textcomp Info: Setting hlcn sub-encoding to TS1/5 on input line 403.
Package textcomp Info: Setting hlcw sub-encoding to TS1/5 on input line 404.
Package textcomp Info: Setting hlcf sub-encoding to TS1/5 on input line 405.
Package textcomp Info: Setting pplx sub-encoding to TS1/3 on input line 406.
Package textcomp Info: Setting pplj sub-encoding to TS1/3 on input line 407.
Package textcomp Info: Setting ptmx sub-encoding to TS1/4 on input line 408.
Package textcomp Info: Setting ptmj sub-encoding to TS1/4 on input line 409.
)
("C:/Users/dorofeev/AppData/Local/Programs/MiKTeX 2.9/tex/latex/glossaries/base
/glossaries.sty"
Package: glossaries 2018/07/23 v4.41 (NLCT)

("C:/Users/dorofeev/AppData/Local/Programs/MiKTeX 2.9/tex/latex/xkeyval/xkeyval
.sty"
Package: xkeyval 2014/12/03 v2.7a package option processing (HA)

("C:/Users/dorofeev/AppData/Local/Programs/MiKTeX 2.9/tex/generic/xkeyval/xkeyv
al.tex"
("C:/Users/dorofeev/AppData/Local/Programs/MiKTeX 2.9/tex/generic/xkeyval/xkvut
ils.tex"
\XKV@toks=\toks21
\XKV@tempa@toks=\toks22
)
\XKV@depth=\count111
File: xkeyval.tex 2014/12/03 v2.7a key=value parser (HA)
))
("C:/Users/dorofeev/AppData/Local/Programs/MiKTeX 2.9/tex/latex/mfirstuc/mfirst
uc.sty"
Package: mfirstuc 2017/11/14 v2.06 (NLCT)

("C:/Users/dorofeev/AppData/Local/Programs/MiKTeX 2.9/tex/latex/etoolbox/etoolb
ox.sty"
Package: etoolbox 2018/08/19 v2.5f e-TeX tools for LaTeX (JAW)
\etb@tempcnta=\count112
)
\@glsmfirst=\toks23
\@glsmrest=\toks24
)
("C:/Users/dorofeev/AppData/Local/Programs/MiKTeX 2.9/tex/latex/textcase/textca
se.sty"
Package: textcase 2004/10/07 v0.07 Text only upper/lower case changing (DPC)
)
("C:/Users/dorofeev/AppData/Local/Programs/MiKTeX 2.9/tex/latex/xfor/xfor.sty"
Package: xfor 2009/02/05 v1.05 (NLCT)
)
("C:/Users/dorofeev/AppData/Local/Programs/MiKTeX 2.9/tex/latex/datatool/datato
ol-base.sty"
Package: datatool-base 2018/04/16 v2.30 (NLCT)

("C:/Users/dorofeev/AppData/Local/Programs/MiKTeX 2.9/tex/latex/substr/substr.s
ty"
Package: substr 2009/10/20 v1.2 Handle substrings
\c@su@anzahl=\count113
)
("C:/Users/dorofeev/AppData/Local/Programs/MiKTeX 2.9/tex/latex/datatool/datato
ol-fp.sty"
Package: datatool-fp 2018/04/16 v2.30 (NLCT)

("C:/Users/dorofeev/AppData/Local/Programs/MiKTeX 2.9/tex/latex/fp/fp.sty"
Package: fp 1995/04/02

`Fixed Point Package', Version 0.8, April 2, 1995 (C) Michael Mehlich
("C:/Users/dorofeev/AppData/Local/Programs/MiKTeX 2.9/tex/latex/fp/defpattern.s
ty"
Package: defpattern 1994/10/12
\actioncount=\count114
)
("C:/Users/dorofeev/AppData/Local/Programs/MiKTeX 2.9/tex/latex/fp/fp-basic.sty
"
Package: fp-basic 1996/05/13
\FP@xs=\count115
\FP@xia=\count116
\FP@xib=\count117
\FP@xfa=\count118
\FP@xfb=\count119
\FP@rega=\count120
\FP@regb=\count121
\FP@regs=\count122
\FP@times=\count123
)
("C:/Users/dorofeev/AppData/Local/Programs/MiKTeX 2.9/tex/latex/fp/fp-addons.st
y"
Package: fp-addons 1995/03/15
)
("C:/Users/dorofeev/AppData/Local/Programs/MiKTeX 2.9/tex/latex/fp/fp-snap.sty"
Package: fp-snap 1995/04/05
) ("C:/Users/dorofeev/AppData/Local/Programs/MiKTeX 2.9/tex/latex/fp/fp-exp.sty
"
Package: fp-exp 1995/04/03
)
("C:/Users/dorofeev/AppData/Local/Programs/MiKTeX 2.9/tex/latex/fp/fp-trigo.sty
"
Package: fp-trigo 1995/04/14
) ("C:/Users/dorofeev/AppData/Local/Programs/MiKTeX 2.9/tex/latex/fp/fp-pas.sty
"
Package: fp-pas 1994/08/29
)
("C:/Users/dorofeev/AppData/Local/Programs/MiKTeX 2.9/tex/latex/fp/fp-random.st
y"
Package: fp-random 1995/02/23
\FPseed=\count124
)
("C:/Users/dorofeev/AppData/Local/Programs/MiKTeX 2.9/tex/latex/fp/fp-eqn.sty"
Package: fp-eqn 1995/04/03
) ("C:/Users/dorofeev/AppData/Local/Programs/MiKTeX 2.9/tex/latex/fp/fp-upn.sty
"
Package: fp-upn 1996/10/21
) ("C:/Users/dorofeev/AppData/Local/Programs/MiKTeX 2.9/tex/latex/fp/fp-eval.st
y"
Package: fp-eval 1995/04/03
)))
\@dtl@toks=\toks25
\@dtl@tmpcount=\count125
\dtl@tmplength=\skip49
\dtl@sortresult=\count126
\@dtl@numgrpsepcount=\count127
\@dtl@datatype=\count128
\dtl@codeA=\count129
\dtl@codeB=\count130
\@dtl@foreach@level=\count131
)
("C:/Users/dorofeev/AppData/Local/Programs/MiKTeX 2.9/tex/latex/glossaries/base
/glossaries-compatible-307.sty"
Package: glossaries-compatible-307 2018/07/23 v4.41 (NLCT)
)
\gls@level=\count132
\@gls@tmpb=\toks26
\gls@tmplen=\skip50
\glskeylisttok=\toks27
\glslabeltok=\toks28
\glsshorttok=\toks29
\glslongtok=\toks30

("C:/Users/dorofeev/AppData/Local/Programs/MiKTeX 2.9/tex/latex/glossaries/styl
es/glossary-hypernav.sty"
Package: glossary-hypernav 2018/07/23 v4.41 (NLCT)
)
("C:/Users/dorofeev/AppData/Local/Programs/MiKTeX 2.9/tex/latex/glossaries/styl
es/glossary-list.sty"
Package: glossary-list 2018/07/23 v4.41 (NLCT)
\glslistdottedwidth=\skip51
)
("C:/Users/dorofeev/AppData/Local/Programs/MiKTeX 2.9/tex/latex/glossaries/styl
es/glossary-long.sty"
Package: glossary-long 2018/07/23 v4.41 (NLCT)

("C:/Users/dorofeev/AppData/Local/Programs/MiKTeX 2.9/tex/latex/tools/longtable
.sty"
Package: longtable 2014/10/28 v4.11 Multi-page Table package (DPC)
\LTleft=\skip52
\LTright=\skip53
\LTpre=\skip54
\LTpost=\skip55
\LTchunksize=\count133
\LTcapwidth=\dimen137
\LT@head=\box30
\LT@firsthead=\box31
\LT@foot=\box32
\LT@lastfoot=\box33
\LT@cols=\count134
\LT@rows=\count135
\c@LT@tables=\count136
\c@LT@chunks=\count137
\LT@p@ftn=\toks31
)
\glsdescwidth=\skip56
\glspagelistwidth=\skip57
)
("C:/Users/dorofeev/AppData/Local/Programs/MiKTeX 2.9/tex/latex/glossaries/styl
es/glossary-tree.sty"
Package: glossary-tree 2018/07/23 v4.41 (NLCT)
\glstreeindent=\skip58
)) (./acronyms.tex)
\glswrite=\write3
\glo@main@file=\write4

\openout4 = master.glo
Package glossaries Info: Writing glossary file master.glo on input line 65.
\glo@acronym@file=\write5

\openout5 = master.acn
Package glossaries Info: Writing glossary file master.acn on input line 65.

("C:/Users/dorofeev/AppData/Local/Programs/MiKTeX 2.9/tex/generic/babel/babel.s
ty"
Package: babel 2018/09/26 3.24 The Babel package

("C:/Users/dorofeev/AppData/Local/Programs/MiKTeX 2.9/tex/generic/babel/switch.
def"
File: switch.def 2018/09/26 3.24 Babel switching mechanism
)
("C:/Users/dorofeev/AppData/Local/Programs/MiKTeX 2.9/tex/generic/babel/luababe
l.def"
\l@afrikaans=\language2
Package babel Info: Non-standard hyphenation setup on input line 114.
\l@ancientgreek=\language3
\l@arabic=\language4
\l@armenian=\language5
\l@assamese=\language6
\l@basque=\language7
\l@bengali=\language8
\l@bokmal=\language9
\l@bulgarian=\language10
\l@catalan=\language11
\l@classiclatin=\language12
\l@coptic=\language13
\l@croatian=\language14
\l@czech=\language15
\l@danish=\language16
\l@dutch=\language17
\l@esperanto=\language18
\l@estonian=\language19
\l@farsi=\language20
\l@finnish=\language21
\l@french=\language22
\l@galician=\language23
\l@georgian=\language24
\l@german=\language25
\l@german-x-2018-03-31=\language26
\l@greek=\language27
\l@gujarati=\language28
\l@hindi=\language29
\l@hungarian=\language30
\l@icelandic=\language31
\l@indonesian=\language32
\l@interlingua=\language33
\l@irish=\language34
\l@italian=\language35
\l@kannada=\language36
\l@kurmanji=\language37
\l@latin=\language38
\l@latvian=\language39
\l@lithuanian=\language40
\l@malayalam=\language41
\l@marathi=\language42
\l@mongolian=\language43
\l@mongolianlmc=\language44
\l@monogreek=\language45
\l@ngerman=\language46
\l@ngerman-x-2018-03-31=\language47
\l@nynorsk=\language48
\l@oriya=\language49
\l@panjabi=\language50
\l@piedmontese=\language51
\l@pinyin=\language52
\l@polish=\language53
\l@portuguese=\language54
\l@romanian=\language55
\l@romansh=\language56
\l@russian=\language57
\l@sanskrit=\language58
\l@serbian=\language59
\l@serbianc=\language60
\l@slovak=\language61
\l@slovenian=\language62
\l@spanish=\language63
\l@swedish=\language64
\l@swissgerman=\language65
\l@tamil=\language66
\l@telugu=\language67
\l@thai=\language68
\l@turkish=\language69
\l@turkmen=\language70
\l@ukenglish=\language71
\l@ukrainian=\language72
\l@uppersorbian=\language73
\l@usenglishmax=\language74
\l@welsh=\language75
)
*************************************
* Local config file bblopts.cfg used
*

("C:/Users/dorofeev/AppData/Local/Programs/MiKTeX 2.9/tex/latex/arabi/bblopts.c
fg"
File: bblopts.cfg 2005/09/08 v0.1 add Arabic and Farsi to "declared" options of 
babel
)
("C:/Users/dorofeev/AppData/Local/Programs/MiKTeX 2.9/tex/latex/babel-english/e
nglish.ldf"
Language: english 2017/06/06 v3.3r English support from the babel system

("C:/Users/dorofeev/AppData/Local/Programs/MiKTeX 2.9/tex/generic/babel/babel.d
ef"
File: babel.def 2018/09/26 3.24 Babel common definitions
\babel@savecnt=\count138
\U@D=\dimen138

("C:/Users/dorofeev/AppData/Local/Programs/MiKTeX 2.9/tex/generic/babel/luababe
l.def"))
\l@canadian = a dialect from \language\l@american 
\l@australian = a dialect from \language\l@british 
\l@newzealand = a dialect from \language\l@british 
))
("C:/Users/dorofeev/AppData/Local/Programs/MiKTeX 2.9/tex/latex/base/fontenc.st
y"
Package: fontenc 2017/04/05 v2.0i Standard LaTeX package

("C:/Users/dorofeev/AppData/Local/Programs/MiKTeX 2.9/tex/latex/base/t1enc.def"
File: t1enc.def 2017/04/05 v2.0i Standard LaTeX file
LaTeX Font Info:    Redeclaring font encoding T1 on input line 48.
)
LaTeX Font Info:    Try loading font information for T1+ptm on input line 105.

("C:/Users/dorofeev/AppData/Local/Programs/MiKTeX 2.9/tex/latex/psnfss/t1ptm.fd
"
File: t1ptm.fd 2001/06/04 font definitions for T1/ptm.
))
("C:/Users/dorofeev/AppData/Local/Programs/MiKTeX 2.9/tex/latex/base/inputenc.s
ty"
Package: inputenc 2018/04/06 v1.3b Input encoding file
\inpenc@prehook=\toks32
\inpenc@posthook=\toks33


Package inputenc Warning: inputenc package ignored with utf8 based engines.

)
\@input{header.aux}

\openout2 = header.aux
(./header.tex
("C:/Users/dorofeev/AppData/Local/Programs/MiKTeX 2.9/tex/latex/float/float.sty
"
Package: float 2001/11/08 v1.3d Float enhancements (AL)
\c@float@type=\count139
\float@exts=\toks34
\float@box=\box34
\@float@everytoks=\toks35
\@floatcapt=\box35
)
("C:/Users/dorofeev/AppData/Local/Programs/MiKTeX 2.9/tex/latex/todonotes/todon
otes.sty"
Package: todonotes 2015/07/09 .dtx Todonotes source and documentation.
Package: todonotes 2012/07/25

("C:/Users/dorofeev/AppData/Local/Programs/MiKTeX 2.9/tex/latex/xcolor/xcolor.s
ty"
Package: xcolor 2016/05/11 v2.12 LaTeX color extensions (UK)

("C:/Users/dorofeev/AppData/Local/Programs/MiKTeX 2.9/tex/latex/graphics-cfg/co
lor.cfg"
File: color.cfg 2016/01/02 v1.6 sample color configuration
)
Package xcolor Info: Driver file: luatex.def on input line 225.
Package xcolor Info: Model `cmy' substituted by `cmy0' on input line 1348.
Package xcolor Info: Model `hsb' substituted by `rgb' on input line 1352.
Package xcolor Info: Model `RGB' extended on input line 1364.
Package xcolor Info: Model `HTML' substituted by `rgb' on input line 1366.
Package xcolor Info: Model `Hsb' substituted by `hsb' on input line 1367.
Package xcolor Info: Model `tHsb' substituted by `hsb' on input line 1368.
Package xcolor Info: Model `HSB' substituted by `hsb' on input line 1369.
Package xcolor Info: Model `Gray' substituted by `gray' on input line 1370.
Package xcolor Info: Model `wave' substituted by `hsb' on input line 1371.
)
("C:/Users/dorofeev/AppData/Local/Programs/MiKTeX 2.9/tex/latex/pgf/frontendlay
er/tikz.sty"
("C:/Users/dorofeev/AppData/Local/Programs/MiKTeX 2.9/tex/latex/pgf/basiclayer/
pgf.sty"
("C:/Users/dorofeev/AppData/Local/Programs/MiKTeX 2.9/tex/latex/pgf/utilities/p
gfrcs.sty"
("C:/Users/dorofeev/AppData/Local/Programs/MiKTeX 2.9/tex/generic/pgf/utilities
/pgfutil-common.tex"
\pgfutil@everybye=\toks36
\pgfutil@tempdima=\dimen139
\pgfutil@tempdimb=\dimen140

("C:/Users/dorofeev/AppData/Local/Programs/MiKTeX 2.9/tex/generic/pgf/utilities
/pgfutil-common-lists.tex"))
("C:/Users/dorofeev/AppData/Local/Programs/MiKTeX 2.9/tex/generic/pgf/utilities
/pgfutil-latex.def"
\pgfutil@abb=\box36

("C:/Users/dorofeev/AppData/Local/Programs/MiKTeX 2.9/tex/latex/ms/everyshi.sty
"
Package: everyshi 2001/05/15 v3.00 EveryShipout Package (MS)
))
("C:/Users/dorofeev/AppData/Local/Programs/MiKTeX 2.9/tex/generic/pgf/utilities
/pgfrcs.code.tex"
Package: pgfrcs 2015/08/07 v3.0.1a (rcs-revision 1.31)
))
Package: pgf 2015/08/07 v3.0.1a (rcs-revision 1.15)

("C:/Users/dorofeev/AppData/Local/Programs/MiKTeX 2.9/tex/latex/pgf/basiclayer/
pgfcore.sty"
("C:/Users/dorofeev/AppData/Local/Programs/MiKTeX 2.9/tex/latex/pgf/systemlayer
/pgfsys.sty"
("C:/Users/dorofeev/AppData/Local/Programs/MiKTeX 2.9/tex/generic/pgf/systemlay
er/pgfsys.code.tex"
Package: pgfsys 2014/07/09 v3.0.1a (rcs-revision 1.48)

("C:/Users/dorofeev/AppData/Local/Programs/MiKTeX 2.9/tex/generic/pgf/utilities
/pgfkeys.code.tex"
\pgfkeys@pathtoks=\toks37
\pgfkeys@temptoks=\toks38

("C:/Users/dorofeev/AppData/Local/Programs/MiKTeX 2.9/tex/generic/pgf/utilities
/pgfkeysfiltered.code.tex"
\pgfkeys@tmptoks=\toks39
))
\pgf@x=\dimen141
\pgf@y=\dimen142
\pgf@xa=\dimen143
\pgf@ya=\dimen144
\pgf@xb=\dimen145
\pgf@yb=\dimen146
\pgf@xc=\dimen147
\pgf@yc=\dimen148
\w@pgf@writea=\write6
\r@pgf@reada=\read1
\c@pgf@counta=\count140
\c@pgf@countb=\count141
\c@pgf@countc=\count142
\c@pgf@countd=\count143
\t@pgf@toka=\toks40
\t@pgf@tokb=\toks41
\t@pgf@tokc=\toks42

("C:/Users/dorofeev/AppData/Local/Programs/MiKTeX 2.9/tex/generic/pgf/systemlay
er/pgf.cfg"
File: pgf.cfg 2008/05/14  (rcs-revision 1.7)
)
Driver file for pgf: pgfsys-luatex.def

("C:/Users/dorofeev/AppData/Local/Programs/MiKTeX 2.9/tex/generic/pgf/systemlay
er/pgfsys-luatex.def"
File: pgfsys-luatex.def 2014/10/11  (rcs-revision 1.35)

("C:/Users/dorofeev/AppData/Local/Programs/MiKTeX 2.9/tex/generic/pgf/systemlay
er/pgfsys-common-pdf.def"
File: pgfsys-common-pdf.def 2013/10/10  (rcs-revision 1.13)
)))
("C:/Users/dorofeev/AppData/Local/Programs/MiKTeX 2.9/tex/generic/pgf/systemlay
er/pgfsyssoftpath.code.tex"
File: pgfsyssoftpath.code.tex 2013/09/09  (rcs-revision 1.9)
\pgfsyssoftpath@smallbuffer@items=\count144
\pgfsyssoftpath@bigbuffer@items=\count145
)
("C:/Users/dorofeev/AppData/Local/Programs/MiKTeX 2.9/tex/generic/pgf/systemlay
er/pgfsysprotocol.code.tex"
File: pgfsysprotocol.code.tex 2006/10/16  (rcs-revision 1.4)
))
("C:/Users/dorofeev/AppData/Local/Programs/MiKTeX 2.9/tex/generic/pgf/basiclaye
r/pgfcore.code.tex"
Package: pgfcore 2010/04/11 v3.0.1a (rcs-revision 1.7)

("C:/Users/dorofeev/AppData/Local/Programs/MiKTeX 2.9/tex/generic/pgf/math/pgfm
ath.code.tex"
("C:/Users/dorofeev/AppData/Local/Programs/MiKTeX 2.9/tex/generic/pgf/math/pgfm
athcalc.code.tex"
("C:/Users/dorofeev/AppData/Local/Programs/MiKTeX 2.9/tex/generic/pgf/math/pgfm
athutil.code.tex")
("C:/Users/dorofeev/AppData/Local/Programs/MiKTeX 2.9/tex/generic/pgf/math/pgfm
athparser.code.tex"
\pgfmath@dimen=\dimen149
\pgfmath@count=\count146
\pgfmath@box=\box37
\pgfmath@toks=\toks43
\pgfmath@stack@operand=\toks44
\pgfmath@stack@operation=\toks45
)
("C:/Users/dorofeev/AppData/Local/Programs/MiKTeX 2.9/tex/generic/pgf/math/pgfm
athfunctions.code.tex"
("C:/Users/dorofeev/AppData/Local/Programs/MiKTeX 2.9/tex/generic/pgf/math/pgfm
athfunctions.basic.code.tex")
("C:/Users/dorofeev/AppData/Local/Programs/MiKTeX 2.9/tex/generic/pgf/math/pgfm
athfunctions.trigonometric.code.tex")
("C:/Users/dorofeev/AppData/Local/Programs/MiKTeX 2.9/tex/generic/pgf/math/pgfm
athfunctions.random.code.tex")
("C:/Users/dorofeev/AppData/Local/Programs/MiKTeX 2.9/tex/generic/pgf/math/pgfm
athfunctions.comparison.code.tex")
("C:/Users/dorofeev/AppData/Local/Programs/MiKTeX 2.9/tex/generic/pgf/math/pgfm
athfunctions.base.code.tex")
("C:/Users/dorofeev/AppData/Local/Programs/MiKTeX 2.9/tex/generic/pgf/math/pgfm
athfunctions.round.code.tex")
("C:/Users/dorofeev/AppData/Local/Programs/MiKTeX 2.9/tex/generic/pgf/math/pgfm
athfunctions.misc.code.tex")
("C:/Users/dorofeev/AppData/Local/Programs/MiKTeX 2.9/tex/generic/pgf/math/pgfm
athfunctions.integerarithmetics.code.tex")))
("C:/Users/dorofeev/AppData/Local/Programs/MiKTeX 2.9/tex/generic/pgf/math/pgfm
athfloat.code.tex"
\c@pgfmathroundto@lastzeros=\count147
))
("C:/Users/dorofeev/AppData/Local/Programs/MiKTeX 2.9/tex/generic/pgf/basiclaye
r/pgfcorepoints.code.tex"
File: pgfcorepoints.code.tex 2013/10/07  (rcs-revision 1.27)
\pgf@picminx=\dimen150
\pgf@picmaxx=\dimen151
\pgf@picminy=\dimen152
\pgf@picmaxy=\dimen153
\pgf@pathminx=\dimen154
\pgf@pathmaxx=\dimen155
\pgf@pathminy=\dimen156
\pgf@pathmaxy=\dimen157
\pgf@xx=\dimen158
\pgf@xy=\dimen159
\pgf@yx=\dimen160
\pgf@yy=\dimen161
\pgf@zx=\dimen162
\pgf@zy=\dimen163
)
("C:/Users/dorofeev/AppData/Local/Programs/MiKTeX 2.9/tex/generic/pgf/basiclaye
r/pgfcorepathconstruct.code.tex"
File: pgfcorepathconstruct.code.tex 2013/10/07  (rcs-revision 1.29)
\pgf@path@lastx=\dimen164
\pgf@path@lasty=\dimen165
)
("C:/Users/dorofeev/AppData/Local/Programs/MiKTeX 2.9/tex/generic/pgf/basiclaye
r/pgfcorepathusage.code.tex"
File: pgfcorepathusage.code.tex 2014/11/02  (rcs-revision 1.24)
\pgf@shorten@end@additional=\dimen166
\pgf@shorten@start@additional=\dimen167
)
("C:/Users/dorofeev/AppData/Local/Programs/MiKTeX 2.9/tex/generic/pgf/basiclaye
r/pgfcorescopes.code.tex"
File: pgfcorescopes.code.tex 2015/05/08  (rcs-revision 1.46)
\pgfpic=\box38
\pgf@hbox=\box39
\pgf@layerbox@main=\box40
\pgf@picture@serial@count=\count148
)
("C:/Users/dorofeev/AppData/Local/Programs/MiKTeX 2.9/tex/generic/pgf/basiclaye
r/pgfcoregraphicstate.code.tex"
File: pgfcoregraphicstate.code.tex 2014/11/02  (rcs-revision 1.12)
\pgflinewidth=\dimen168
)
("C:/Users/dorofeev/AppData/Local/Programs/MiKTeX 2.9/tex/generic/pgf/basiclaye
r/pgfcoretransformations.code.tex"
File: pgfcoretransformations.code.tex 2015/08/07  (rcs-revision 1.20)
\pgf@pt@x=\dimen169
\pgf@pt@y=\dimen170
\pgf@pt@temp=\dimen171
)
("C:/Users/dorofeev/AppData/Local/Programs/MiKTeX 2.9/tex/generic/pgf/basiclaye
r/pgfcorequick.code.tex"
File: pgfcorequick.code.tex 2008/10/09  (rcs-revision 1.3)
)
("C:/Users/dorofeev/AppData/Local/Programs/MiKTeX 2.9/tex/generic/pgf/basiclaye
r/pgfcoreobjects.code.tex"
File: pgfcoreobjects.code.tex 2006/10/11  (rcs-revision 1.2)
)
("C:/Users/dorofeev/AppData/Local/Programs/MiKTeX 2.9/tex/generic/pgf/basiclaye
r/pgfcorepathprocessing.code.tex"
File: pgfcorepathprocessing.code.tex 2013/09/09  (rcs-revision 1.9)
)
("C:/Users/dorofeev/AppData/Local/Programs/MiKTeX 2.9/tex/generic/pgf/basiclaye
r/pgfcorearrows.code.tex"
File: pgfcorearrows.code.tex 2015/05/14  (rcs-revision 1.43)
\pgfarrowsep=\dimen172
)
("C:/Users/dorofeev/AppData/Local/Programs/MiKTeX 2.9/tex/generic/pgf/basiclaye
r/pgfcoreshade.code.tex"
File: pgfcoreshade.code.tex 2013/07/15  (rcs-revision 1.15)
\pgf@max=\dimen173
\pgf@sys@shading@range@num=\count149
)
("C:/Users/dorofeev/AppData/Local/Programs/MiKTeX 2.9/tex/generic/pgf/basiclaye
r/pgfcoreimage.code.tex"
File: pgfcoreimage.code.tex 2013/07/15  (rcs-revision 1.18)

("C:/Users/dorofeev/AppData/Local/Programs/MiKTeX 2.9/tex/generic/pgf/basiclaye
r/pgfcoreexternal.code.tex"
File: pgfcoreexternal.code.tex 2014/07/09  (rcs-revision 1.21)
\pgfexternal@startupbox=\box41
))
("C:/Users/dorofeev/AppData/Local/Programs/MiKTeX 2.9/tex/generic/pgf/basiclaye
r/pgfcorelayers.code.tex"
File: pgfcorelayers.code.tex 2013/07/18  (rcs-revision 1.7)
)
("C:/Users/dorofeev/AppData/Local/Programs/MiKTeX 2.9/tex/generic/pgf/basiclaye
r/pgfcoretransparency.code.tex"
File: pgfcoretransparency.code.tex 2013/09/30  (rcs-revision 1.5)
)
("C:/Users/dorofeev/AppData/Local/Programs/MiKTeX 2.9/tex/generic/pgf/basiclaye
r/pgfcorepatterns.code.tex"
File: pgfcorepatterns.code.tex 2013/11/07  (rcs-revision 1.5)
)))
("C:/Users/dorofeev/AppData/Local/Programs/MiKTeX 2.9/tex/generic/pgf/modules/p
gfmoduleshapes.code.tex"
File: pgfmoduleshapes.code.tex 2014/03/21  (rcs-revision 1.35)
\pgfnodeparttextbox=\box42
)
("C:/Users/dorofeev/AppData/Local/Programs/MiKTeX 2.9/tex/generic/pgf/modules/p
gfmoduleplot.code.tex"
File: pgfmoduleplot.code.tex 2015/08/03  (rcs-revision 1.13)
)
("C:/Users/dorofeev/AppData/Local/Programs/MiKTeX 2.9/tex/latex/pgf/compatibili
ty/pgfcomp-version-0-65.sty"
Package: pgfcomp-version-0-65 2007/07/03 v3.0.1a (rcs-revision 1.7)
\pgf@nodesepstart=\dimen174
\pgf@nodesepend=\dimen175
)
("C:/Users/dorofeev/AppData/Local/Programs/MiKTeX 2.9/tex/latex/pgf/compatibili
ty/pgfcomp-version-1-18.sty"
Package: pgfcomp-version-1-18 2007/07/23 v3.0.1a (rcs-revision 1.1)
))
("C:/Users/dorofeev/AppData/Local/Programs/MiKTeX 2.9/tex/latex/pgf/utilities/p
gffor.sty"
("C:/Users/dorofeev/AppData/Local/Programs/MiKTeX 2.9/tex/latex/pgf/utilities/p
gfkeys.sty"
("C:/Users/dorofeev/AppData/Local/Programs/MiKTeX 2.9/tex/generic/pgf/utilities
/pgfkeys.code.tex"))
("C:/Users/dorofeev/AppData/Local/Programs/MiKTeX 2.9/tex/latex/pgf/math/pgfmat
h.sty"
("C:/Users/dorofeev/AppData/Local/Programs/MiKTeX 2.9/tex/generic/pgf/math/pgfm
ath.code.tex"))
("C:/Users/dorofeev/AppData/Local/Programs/MiKTeX 2.9/tex/generic/pgf/utilities
/pgffor.code.tex"
Package: pgffor 2013/12/13 v3.0.1a (rcs-revision 1.25)

("C:/Users/dorofeev/AppData/Local/Programs/MiKTeX 2.9/tex/generic/pgf/math/pgfm
ath.code.tex")
\pgffor@iter=\dimen176
\pgffor@skip=\dimen177
\pgffor@stack=\toks46
\pgffor@toks=\toks47
))
("C:/Users/dorofeev/AppData/Local/Programs/MiKTeX 2.9/tex/generic/pgf/frontendl
ayer/tikz/tikz.code.tex"
Package: tikz 2015/08/07 v3.0.1a (rcs-revision 1.151)

("C:/Users/dorofeev/AppData/Local/Programs/MiKTeX 2.9/tex/generic/pgf/libraries
/pgflibraryplothandlers.code.tex"
File: pgflibraryplothandlers.code.tex 2013/08/31 v3.0.1a (rcs-revision 1.20)
\pgf@plot@mark@count=\count150
\pgfplotmarksize=\dimen178
)
\tikz@lastx=\dimen179
\tikz@lasty=\dimen180
\tikz@lastxsaved=\dimen181
\tikz@lastysaved=\dimen182
\tikzleveldistance=\dimen183
\tikzsiblingdistance=\dimen184
\tikz@figbox=\box43
\tikz@figbox@bg=\box44
\tikz@tempbox=\box45
\tikz@tempbox@bg=\box46
\tikztreelevel=\count151
\tikznumberofchildren=\count152
\tikznumberofcurrentchild=\count153
\tikz@fig@count=\count154

("C:/Users/dorofeev/AppData/Local/Programs/MiKTeX 2.9/tex/generic/pgf/modules/p
gfmodulematrix.code.tex"
File: pgfmodulematrix.code.tex 2013/09/17  (rcs-revision 1.8)
\pgfmatrixcurrentrow=\count155
\pgfmatrixcurrentcolumn=\count156
\pgf@matrix@numberofcolumns=\count157
)
\tikz@expandcount=\count158

("C:/Users/dorofeev/AppData/Local/Programs/MiKTeX 2.9/tex/generic/pgf/frontendl
ayer/tikz/libraries/tikzlibrarytopaths.code.tex"
File: tikzlibrarytopaths.code.tex 2008/06/17 v3.0.1a (rcs-revision 1.2)
)))
("C:/Users/dorofeev/AppData/Local/Programs/MiKTeX 2.9/tex/generic/pgf/frontendl
ayer/tikz/libraries/tikzlibrarypositioning.code.tex"
File: tikzlibrarypositioning.code.tex 2008/10/06 v3.0.1a (rcs-revision 1.7)
)
("C:/Users/dorofeev/AppData/Local/Programs/MiKTeX 2.9/tex/latex/tools/calc.sty"
Package: calc 2017/05/25 v4.3 Infix arithmetic (KKT,FJ)
\calc@Acount=\count159
\calc@Bcount=\count160
\calc@Adimen=\dimen185
\calc@Bdimen=\dimen186
\calc@Askip=\skip59
\calc@Bskip=\skip60
LaTeX Info: Redefining \setlength on input line 80.
LaTeX Info: Redefining \addtolength on input line 81.
\calc@Ccount=\count161
\calc@Cskip=\skip61
)
\c@@todonotes@numberoftodonotes=\count162
))
("C:/Users/dorofeev/AppData/Local/Programs/MiKTeX 2.9/tex/latex/hyperref/hyperr
ef.sty"
Package: hyperref 2018/02/06 v6.86b Hypertext links for LaTeX

("C:/Users/dorofeev/AppData/Local/Programs/MiKTeX 2.9/tex/generic/oberdiek/hobs
ub-hyperref.sty"
Package: hobsub-hyperref 2016/05/16 v1.14 Bundle oberdiek, subset hyperref (HO)

("C:/Users/dorofeev/AppData/Local/Programs/MiKTeX 2.9/tex/generic/oberdiek/hobs
ub-generic.sty"
Package: hobsub-generic 2016/05/16 v1.14 Bundle oberdiek, subset generic (HO)
Package: hobsub 2016/05/16 v1.14 Construct package bundles (HO)
Package: infwarerr 2016/05/16 v1.4 Providing info/warning/error messages (HO)
Package: ltxcmds 2016/05/16 v1.23 LaTeX kernel commands for general use (HO)
Package: ifluatex 2016/05/16 v1.4 Provides the ifluatex switch (HO)
Package ifluatex Info: LuaTeX detected.
Package: ifvtex 2016/05/16 v1.6 Detect VTeX and its facilities (HO)
Package ifvtex Info: VTeX not detected.
Package: intcalc 2016/05/16 v1.2 Expandable calculations with integers (HO)
Package: ifpdf 2018/09/07 v3.3 Provides the ifpdf switch
Package: etexcmds 2016/05/16 v1.6 Avoid name clashes with e-TeX commands (HO)
Package: kvsetkeys 2016/05/16 v1.17 Key value parser (HO)
Package: kvdefinekeys 2016/05/16 v1.4 Define keys (HO)
Package: luatex-loader 2016/05/16 v0.6 Lua module loader (HO)

(C:/Users/dorofeev/AppData/Local/Programs/MiKTeX 2.9/scripts/oberdiek/oberdiek.l
uatex.lua)
Package: pdftexcmds 2018/09/10 v0.29 Utility functions of pdfTeX for LuaTeX (HO)

Package pdftexcmds Info: \pdf@primitive is available.
Package pdftexcmds Info: \pdf@ifprimitive is available.
Package pdftexcmds Info: \pdfdraftmode found.
\pdftexcmds@toks=\toks48
Package: pdfescape 2016/05/16 v1.14 Implements pdfTeX's escape features (HO)
Package: bigintcalc 2016/05/16 v1.4 Expandable calculations on big integers (HO)

Package: bitset 2016/05/16 v1.2 Handle bit-vector datatype (HO)
Package: uniquecounter 2016/05/16 v1.3 Provide unlimited unique counter (HO)
)
Package hobsub Info: Skipping package `hobsub' (already loaded).
Package: letltxmacro 2016/05/16 v1.5 Let assignment for LaTeX macros (HO)
Package: hopatch 2016/05/16 v1.3 Wrapper for package hooks (HO)
Package: xcolor-patch 2016/05/16 xcolor patch
Package: atveryend 2016/05/16 v1.9 Hooks at the very end of document (HO)
Package: atbegshi 2016/06/09 v1.18 At begin shipout hook (HO)
Package: refcount 2016/05/16 v3.5 Data extraction from label references (HO)
Package: hycolor 2016/05/16 v1.8 Color options for hyperref/bookmark (HO)
)
("C:/Users/dorofeev/AppData/Local/Programs/MiKTeX 2.9/tex/generic/ifxetex/ifxet
ex.sty"
Package: ifxetex 2010/09/12 v0.6 Provides ifxetex conditional
)
("C:/Users/dorofeev/AppData/Local/Programs/MiKTeX 2.9/tex/latex/oberdiek/auxhoo
k.sty"
Package: auxhook 2016/05/16 v1.4 Hooks for auxiliary files (HO)
)
("C:/Users/dorofeev/AppData/Local/Programs/MiKTeX 2.9/tex/latex/oberdiek/kvopti
ons.sty"
Package: kvoptions 2016/05/16 v3.12 Key value format for package options (HO)
)
\@linkdim=\dimen187
\Hy@linkcounter=\count163
\Hy@pagecounter=\count164

("C:/Users/dorofeev/AppData/Local/Programs/MiKTeX 2.9/tex/latex/hyperref/pd1enc
.def"
File: pd1enc.def 2018/02/06 v6.86b Hyperref: PDFDocEncoding definition (HO)
)
\Hy@SavedSpaceFactor=\count165

("C:/Users/dorofeev/AppData/Local/Programs/MiKTeX 2.9/tex/latex/00miktex/hyperr
ef.cfg"
File: hyperref.cfg 2002/06/06 v1.2 hyperref configuration of TeXLive
)
Package hyperref Info: Option `bookmarks' set `false' on input line 4383.
Package hyperref Info: Option `pdfpagelabels' set `true' on input line 4383.
Package hyperref Info: Option `bookmarksopen' set `true' on input line 4383.
Package hyperref Info: Option `plainpages' set `false' on input line 4383.
Package hyperref Info: Option `breaklinks' set `true' on input line 4383.
Package hyperref Info: Hyper figures OFF on input line 4509.
Package hyperref Info: Link nesting OFF on input line 4514.
Package hyperref Info: Hyper index ON on input line 4517.
Package hyperref Info: Plain pages OFF on input line 4524.
Package hyperref Info: Backreferencing OFF on input line 4529.
Package hyperref Info: Implicit mode ON; LaTeX internals redefined.
Package hyperref Info: Bookmarks OFF on input line 4768.
\c@Hy@tempcnt=\count166

("C:/Users/dorofeev/AppData/Local/Programs/MiKTeX 2.9/tex/latex/url/url.sty"
\Urlmuskip=\muskip11
Package: url 2013/09/16  ver 3.4  Verb mode for urls, etc.
)
LaTeX Info: Redefining \url on input line 5115.
\XeTeXLinkMargin=\dimen188
\Fld@menulength=\count167
\Field@Width=\dimen189
\Fld@charsize=\dimen190
Package hyperref Info: Hyper figures OFF on input line 6369.
Package hyperref Info: Link nesting OFF on input line 6374.
Package hyperref Info: Hyper index ON on input line 6377.
Package hyperref Info: backreferencing OFF on input line 6384.
Package hyperref Info: Link coloring OFF on input line 6389.
Package hyperref Info: Link coloring with OCG OFF on input line 6394.
Package hyperref Info: PDF/A mode OFF on input line 6399.
LaTeX Info: Redefining \ref on input line 6439.
LaTeX Info: Redefining \pageref on input line 6443.
\Hy@abspage=\count168
\c@Item=\count169
\c@Hfootnote=\count170
)

Package hyperref Warning: Wrong driver `hpdftex.def';
(hyperref)                pdfTeX is running in PDF mode.
(hyperref)                Forcing driver `hluatex.def'.

Package hyperref Info: Driver: hluatex.

("C:/Users/dorofeev/AppData/Local/Programs/MiKTeX 2.9/tex/latex/hyperref/hluate
x.def"
File: hluatex.def 2018/02/06 v6.86b Hyperref driver for luaTeX
\Fld@listcount=\count171
\c@bookmark@seq@number=\count172

("C:/Users/dorofeev/AppData/Local/Programs/MiKTeX 2.9/tex/latex/oberdiek/rerunf
ilecheck.sty"
Package: rerunfilecheck 2016/05/16 v1.8 Rerun checks for auxiliary files (HO)
Package uniquecounter Info: New unique counter `rerunfilecheck' on input line 28
2.
)
\Hy@SectionHShift=\skip62
)
("C:/Users/dorofeev/AppData/Local/Programs/MiKTeX 2.9/tex/latex/xtab/xtab.sty"
Package: xtab 2011/07/31 v2.3f Extended supertabular package
\c@tracingst=\count173
\PWSTcapht=\dimen191
\ST@wd=\dimen192
\ST@rightskip=\skip63
\ST@leftskip=\skip64
\ST@parfillskip=\skip65
\c@PWSTtable=\count174
\PWSTlastpage=\count175
\PWSTpenultimate=\count176
\PWSTcurpage=\count177
\PWSTtempc=\count178
\PWSTlines=\count179
\PWST@lastht=\dimen193
\PWST@generalht=\dimen194
\PWST@ht=\dimen195
\ST@pageleft=\dimen196
\ST@headht=\dimen197
\ST@tailht=\dimen198
\ST@pagesofar=\dimen199
\ST@pboxht=\dimen256
\ST@lineht=\dimen257
\ST@stretchht=\dimen258
\ST@prevht=\dimen259
\ST@toadd=\dimen260
\ST@dimen=\dimen261
\ST@pbox=\box47
)
("C:/Users/dorofeev/AppData/Local/Programs/MiKTeX 2.9/tex/latex/hyperxmp/hyperx
mp.sty"
Package: hyperxmp 2017/11/26 v3.4 Store hyperref metadata in XMP format

("C:/Users/dorofeev/AppData/Local/Programs/MiKTeX 2.9/tex/latex/oberdiek/atendd
vi.sty"
Package: atenddvi 2016/05/16 v1.2 At end DVI hook (HO)

("C:/Users/dorofeev/AppData/Local/Programs/MiKTeX 2.9/tex/latex/oberdiek/zref-a
bspage.sty"
Package: zref-abspage 2016/05/21 v2.26 Module abspage for zref (HO)

("C:/Users/dorofeev/AppData/Local/Programs/MiKTeX 2.9/tex/latex/oberdiek/zref-b
ase.sty"
Package: zref-base 2016/05/21 v2.26 Module base for zref (HO)
Package zref Info: New property list: main on input line 759.
Package zref Info: New property: default on input line 760.
Package zref Info: New property: page on input line 761.
)
\c@abspage=\count180
Package zref Info: New property: abspage on input line 62.
)
("C:/Users/dorofeev/AppData/Local/Programs/MiKTeX 2.9/tex/latex/oberdiek/zref-l
astpage.sty"
Package: zref-lastpage 2016/05/21 v2.26 Module lastpage for zref (HO)
Package zref Info: New property list: LastPage on input line 55.
))
("C:/Users/dorofeev/AppData/Local/Programs/MiKTeX 2.9/tex/generic/oberdiek/stri
ngenc.sty"
Package: stringenc 2016/05/16 v1.11 Convert strings between diff. encodings (HO)

)
("C:/Users/dorofeev/AppData/Local/Programs/MiKTeX 2.9/tex/latex/ifmtarg/ifmtarg
.sty"
Package: ifmtarg 2018/04/16 v1.2b check for an empty argument
))
("C:/Users/dorofeev/AppData/Local/Programs/MiKTeX 2.9/tex/latex/makecell/makece
ll.sty"
Package: makecell 2009/08/03 V0.1e Managing of Tab Column Heads and Cells

("C:/Users/dorofeev/AppData/Local/Programs/MiKTeX 2.9/tex/latex/tools/array.sty
"
Package: array 2018/04/30 v2.4h Tabular extension package (FMi)
\col@sep=\dimen262
\ar@mcellbox=\box48
\extrarowheight=\dimen263
\NC@list=\toks49
\extratabsurround=\skip66
\backup@length=\skip67
\ar@cellbox=\box49
)
\rotheadsize=\dimen264
\c@nlinenum=\count181
\TeXr@lab=\toks50
)
Package hyperref Info: Option `colorlinks' set `true' on input line 104.

("C:/Users/dorofeev/AppData/Local/Programs/MiKTeX 2.9/tex/latex/oberdiek/epstop
df.sty"
Package: epstopdf 2016/05/15 v2.6 Conversion with epstopdf on the fly (HO)

("C:/Users/dorofeev/AppData/Local/Programs/MiKTeX 2.9/tex/latex/oberdiek/epstop
df-base.sty"
Package: epstopdf-base 2016/05/15 v2.6 Base part for package epstopdf

("C:/Users/dorofeev/AppData/Local/Programs/MiKTeX 2.9/tex/latex/oberdiek/grfext
.sty"
Package: grfext 2016/05/16 v1.2 Manage graphics extensions (HO)
)
Package epstopdf-base Info: Redefining graphics rule for `.eps' on input line 43
8.
Package grfext Info: Graphics extension search list:
(grfext)             [.pdf,.png,.jpg,.mps,.jpeg,.jbig2,.jb2,.PDF,.PNG,.JPG,.JPEG
,.JBIG2,.JB2,.eps]
(grfext)             \AppendGraphicsExtensions on input line 456.
))
** ATTENTION: Overriding command lockouts (line 117).
(./master.aux)
\openout1 = master.aux

LaTeX Font Info:    Checking defaults for OML/cmm/m/it on input line 121.
LaTeX Font Info:    ... okay on input line 121.
LaTeX Font Info:    Checking defaults for T1/cmr/m/n on input line 121.
LaTeX Font Info:    ... okay on input line 121.
LaTeX Font Info:    Checking defaults for OT1/cmr/m/n on input line 121.
LaTeX Font Info:    ... okay on input line 121.
LaTeX Font Info:    Checking defaults for OMS/cmsy/m/n on input line 121.
LaTeX Font Info:    ... okay on input line 121.
LaTeX Font Info:    Checking defaults for TU/lmr/m/n on input line 121.
LaTeX Font Info:    ... okay on input line 121.
LaTeX Font Info:    Checking defaults for OMX/cmex/m/n on input line 121.
LaTeX Font Info:    ... okay on input line 121.
LaTeX Font Info:    Checking defaults for U/cmr/m/n on input line 121.
LaTeX Font Info:    ... okay on input line 121.
LaTeX Font Info:    Checking defaults for TS1/cmr/m/n on input line 121.
LaTeX Font Info:    Try loading font information for TS1+cmr on input line 121.

("C:/Users/dorofeev/AppData/Local/Programs/MiKTeX 2.9/tex/latex/base/ts1cmr.fd"
File: ts1cmr.fd 2014/09/29 v2.5h Standard LaTeX font definitions
)
LaTeX Font Info:    ... okay on input line 121.
LaTeX Font Info:    Checking defaults for PD1/pdf/m/n on input line 121.
LaTeX Font Info:    ... okay on input line 121.
LaTeX Font Info:    Font shape `T1/ptm/bx/n' in size <5> not available
(Font)              Font shape `T1/ptm/b/n' tried instead on input line 121.
LaTeX Font Info:    Font shape `T1/ptm/bx/it' in size <5> not available
(Font)              Font shape `T1/ptm/b/it' tried instead on input line 121.
LaTeX Font Info:    Font shape `T1/ptm/bx/n' in size <7> not available
(Font)              Font shape `T1/ptm/b/n' tried instead on input line 121.
LaTeX Font Info:    Font shape `T1/ptm/bx/it' in size <7> not available
(Font)              Font shape `T1/ptm/b/it' tried instead on input line 121.
LaTeX Font Info:    Font shape `T1/ptm/bx/n' in size <8> not available
(Font)              Font shape `T1/ptm/b/n' tried instead on input line 121.
LaTeX Font Info:    Font shape `T1/ptm/bx/it' in size <8> not available
(Font)              Font shape `T1/ptm/b/it' tried instead on input line 121.
LaTeX Font Info:    Font shape `T1/ptm/bx/n' in size <9> not available
(Font)              Font shape `T1/ptm/b/n' tried instead on input line 121.
LaTeX Font Info:    Font shape `T1/ptm/bx/it' in size <9> not available
(Font)              Font shape `T1/ptm/b/it' tried instead on input line 121.
LaTeX Font Info:    Font shape `T1/ptm/bx/n' in size <10> not available
(Font)              Font shape `T1/ptm/b/n' tried instead on input line 121.
LaTeX Font Info:    Font shape `T1/ptm/bx/it' in size <10> not available
(Font)              Font shape `T1/ptm/b/it' tried instead on input line 121.
LaTeX Font Info:    Font shape `T1/ptm/bx/n' in size <11> not available
(Font)              Font shape `T1/ptm/b/n' tried instead on input line 121.
LaTeX Font Info:    Font shape `T1/ptm/bx/it' in size <11> not available
(Font)              Font shape `T1/ptm/b/it' tried instead on input line 121.
LaTeX Font Info:    Font shape `T1/ptm/bx/n' in size <12> not available
(Font)              Font shape `T1/ptm/b/n' tried instead on input line 121.
LaTeX Font Info:    Font shape `T1/ptm/bx/it' in size <12> not available
(Font)              Font shape `T1/ptm/b/it' tried instead on input line 121.
LaTeX Font Info:    Font shape `T1/ptm/bx/n' in size <17> not available
(Font)              Font shape `T1/ptm/b/n' tried instead on input line 121.
LaTeX Font Info:    Font shape `T1/ptm/bx/it' in size <17> not available
(Font)              Font shape `T1/ptm/b/it' tried instead on input line 121.
LaTeX Font Info:    Font shape `T1/ptm/bx/n' in size <20> not available
(Font)              Font shape `T1/ptm/b/n' tried instead on input line 121.
LaTeX Font Info:    Font shape `T1/ptm/bx/it' in size <20> not available
(Font)              Font shape `T1/ptm/b/it' tried instead on input line 121.
LaTeX Font Info:    Font shape `T1/ptm/bx/n' in size <24> not available
(Font)              Font shape `T1/ptm/b/n' tried instead on input line 121.
LaTeX Font Info:    Font shape `T1/ptm/bx/it' in size <24> not available
(Font)              Font shape `T1/ptm/b/it' tried instead on input line 121.

-- Lines per column: 56 (exact).

("C:/Users/dorofeev/AppData/Local/Programs/MiKTeX 2.9/tex/context/base/supp-pdf
.mkii"
[Loading MPS to PDF converter (version 2006.09.02).]
\scratchcounter=\count182
\scratchdimen=\dimen265
\scratchbox=\box50
\nofMPsegments=\count183
\nofMParguments=\count184
\everyMPshowfont=\toks51
\MPscratchCnt=\count185
\MPscratchDim=\dimen266
\MPnumerator=\count186
\makeMPintoPDFobject=\count187
\everyMPtoPDFconversion=\toks52
) ABD: EveryShipout initializing macros

Package todonotes Warning: The length marginparwidth is less than 2cm and will m
ost likely cause issues with the appearance of inserted todonotes. The issue can
 be solved by adding a line like \setlength {\marginparwidth }{2cm} prior to loa
ding the todonotes package. on input line 121.

\AtBeginShipoutBox=\box51
Package hyperref Info: Link coloring ON on input line 121.

("C:/Users/dorofeev/AppData/Local/Programs/MiKTeX 2.9/tex/latex/hyperref/namere
f.sty"
Package: nameref 2016/05/21 v2.44 Cross-referencing by name of section

("C:/Users/dorofeev/AppData/Local/Programs/MiKTeX 2.9/tex/generic/oberdiek/gett
itlestring.sty"
Package: gettitlestring 2016/05/16 v1.5 Cleanup title references (HO)
)
\c@section@level=\count188
)
LaTeX Info: Redefining \ref on input line 121.
LaTeX Info: Redefining \pageref on input line 121.
LaTeX Info: Redefining \nameref on input line 121.

("C:/Users/dorofeev/AppData/Local/Programs/MiKTeX 2.9/tex/generic/oberdiek/se-p
dfdoc.def"
File: se-pdfdoc.def 2016/05/16 v1.11 stringenc: PDFDocEncoding
)
("C:/Users/dorofeev/AppData/Local/Programs/MiKTeX 2.9/tex/generic/oberdiek/se-u
tf32be.def"
File: se-utf32be.def 2016/05/16 v1.11 stringenc: UTF-32BE
) (./titlepage.tex) (./introduction.tex) (./approach.tex
<images/diagram.jpg, id=7, 988.0664pt x 893.96484pt>
File: images/diagram.jpg Graphic file (type jpg)
<use images/diagram.jpg>
Package luatex.def Info: images/diagram.jpg  used on input line 23.
(luatex.def)             Requested size: 247.01599pt x 223.49066pt.
 [1
Non-PDF special ignored!{C:/Users/dorofeev/AppData/Local/MiKTeX/2.9/pdftex/confi
g/pdftex.map}
Missing character: There is no – (U+2013) in font ptmr8t!


\openout3 = master.ist



Missing character: There is no ‘ (U+2018) in font ptmr8t!
Missing character: There is no ’ (U+2019) in font ptmr8t!
<./images/diagram.jpg>]) (./hw.tex [2
Missing character: There is no ‘ (U+2018) in font ptmr8t!
Missing character: There is no ’ (U+2019) in font ptmr8t!
]
LaTeX Font Info:    Try loading font information for U+msa on input line 34.

("C:/Users/dorofeev/AppData/Local/Programs/MiKTeX 2.9/tex/latex/amsfonts/umsa.f
d"
File: umsa.fd 2013/01/14 v3.01 AMS symbols A
)
LaTeX Font Info:    Try loading font information for U+msb on input line 34.

("C:/Users/dorofeev/AppData/Local/Programs/MiKTeX 2.9/tex/latex/amsfonts/umsb.f
d"
File: umsb.fd 2013/01/14 v3.01 AMS symbols B
)
Underfull \hbox (badness 2781) in paragraph at lines 42--42
[]|\T1/ptm/b/n/8 Trans-la-tion re-peat
 []


Underfull \hbox (badness 10000) in paragraph at lines 48--48
[]|\T1/ptm/b/n/8 Trans-la-tion speed
 []


Underfull \hbox (badness 10000) in paragraph at lines 52--52
[]|\T1/ptm/b/n/8 Ro-ta-tion speed
 []


Underfull \hbox (badness 10000) in paragraph at lines 54--54
[]|\T1/ptm/b/n/8 Nom-i-nal torque
 []


Underfull \hbox (badness 10000) in paragraph at lines 34--62

 []

<images/efII.png, id=47, 280.04625pt x 162.6075pt>
File: images/efII.png Graphic file (type png)
<use images/efII.png>
Package luatex.def Info: images/efII.png  used on input line 77.
(luatex.def)             Requested size: 252.03928pt x 146.3454pt.
<images/afagGripper.png, id=49, 291.489pt x 320.397pt>
File: images/afagGripper.png Graphic file (type png)
<use images/afagGripper.png>
Package luatex.def Info: images/afagGripper.png  used on input line 87.
(luatex.def)             Requested size: 247.76682pt x 272.33873pt.
) (./benefits.tex [3
Missing character: There is no “ (U+201C) in font ptmr8t!
Missing character: There is no ” (U+201D) in font ptmr8t!
<./images/efII.png>]) (./demos.tex
<images/demonstrator.png, id=74, 675.27281pt x 454.69875pt>
File: images/demonstrator.png Graphic file (type png)
<use images/demonstrator.png>
Package luatex.def Info: images/demonstrator.png  used on input line 78.
(luatex.def)             Requested size: 236.34901pt x 159.14694pt.
 [4<./images/afagGripper.png>]) (./master.bbl
Underfull \hbox (badness 10000) in paragraph at lines 48--50
[]\T1/ptm/m/n/8 ``In-trosys Demon-stra-tor.'' [][]$https://www.youtube.com/watc
h?v=
 []


Underfull \hbox (badness 10000) in paragraph at lines 52--54
[]\T1/ptm/m/n/8 ``Mas-mec Demon-stra-tor.'' [][]$https://www.youtube.com/watch?
v=IG_
 []

)

** Conference Paper **
Before submitting the final camera ready copy, remember to:

 1. Manually equalize the lengths of two columns on the last page
 of your paper;

 2. Ensure that any PostScript and/or PDF output post-processing
 uses only Type 1 fonts and that every step in the generation
 process uses the appropriate paper size.


Package glossaries Warning: No \printglossary or \printglossaries found. 
(Remove \makeglossaries if you don't want any glossaries.) 
This document will not have a glossary.

Package atenddvi Info: Last page = 5.
[5
Missing character: There is no “ (U+201C) in font ptmr8t!
Missing character: There is no ” (U+201D) in font ptmr8t!
Missing character: There is no ‘ (U+2018) in font ptmr8t!
Missing character: There is no ’ (U+2019) in font ptmr8t!
<./images/demonstrator.png>]
Package atveryend Info: Empty hook `BeforeClearDocument' on input line 133.
Package atveryend Info: Executing hook `AfterLastShipout' on input line 133.
 (./master.aux)
Package atveryend Info: Executing hook `AtVeryEndDocument' on input line 133.
Package atveryend Info: Empty hook `AtEndAfterFileList' on input line 133.


LaTeX Font Warning: Some font shapes were not available, defaults substituted.

)

Here is how much of LuaTeX's memory you used:
 24550 strings out of 494407
 125171,662416 words of node,token memory allocated
 1944 words of node memory still in use:
   5 hlist, 2 vlist, 2 rule, 2 glue, 209 kern, 1 glyph, 102 attribute, 62 glue_s
pec, 102 attribute_list, 1 write, 2 pdf_action nodes
   avail lists: 1:1,2:500,3:211,4:52,5:208,6:34,7:8027,8:95,9:278,10:21,11:692
 27450 multiletter control sequences out of 65536+200000
 139 fonts using 10627527 bytes
 66i,16n,58p,2009b,453s stack positions out of 5000i,500n,10000p,200000b,50000s
{C:/Users/dorofeev/AppData/Local/Programs/MiKTeX 2.9/fonts/enc/dvips/base/8r.enc
}<C:/Users/dorofeev/AppData/Local/Programs/MiKTeX 2.9/fonts/type1/public/amsfont
s/cm/cmmi8.pfb><C:/Users/dorofeev/AppData/Local/Programs/MiKTeX 2.9/fonts/type1/
public/amsfonts/cm/cmr6.pfb><C:/Users/dorofeev/AppData/Local/Programs/MiKTeX 2.9
/fonts/type1/public/amsfonts/cm/cmsy7.pfb><C:/Users/dorofeev/AppData/Local/Progr
ams/MiKTeX 2.9/fonts/type1/public/amsfonts/cm/cmsy8.pfb><C:/Users/dorofeev/AppDa
ta/Local/Programs/MiKTeX 2.9/fonts/type1/urw/times/utmb8a.pfb><C:/Users/dorofeev
/AppData/Local/Programs/MiKTeX 2.9/fonts/type1/urw/times/utmr8a.pfb><C:/Users/do
rofeev/AppData/Local/Programs/MiKTeX 2.9/fonts/type1/urw/times/utmri8a.pfb>
Output written on master.pdf (5 pages, 1896810 bytes).

PDF statistics: 132 PDF objects out of 1000 (max. 8388607)
 38 named destinations out of 1000 (max. 131072)
 21 words of extra memory for PDF output out of 10000 (max. 100000000)

